<?xml version="1.0" encoding="UTF-8"?>
<testng-results ignored="0" total="1" passed="1" failed="0" skipped="0">
  <reporter-output>
  </reporter-output>
  <suite started-at="2021-03-12T17:44:03 EST" name="webAutomationCTS_V1" finished-at="2021-03-12T17:44:31 EST" duration-ms="28290">
    <groups>
    </groups>
    <test started-at="2021-03-12T17:44:03 EST" name="CTS Test" finished-at="2021-03-12T17:44:31 EST" duration-ms="28290">
      <class name="com.cts.testCases.TC_LoginTest_001">
        <test-method is-config="true" signature="setup(java.lang.String)[pri:0, instance:com.cts.testCases.TC_LoginTest_001@78e117e3]" started-at="2021-03-12T17:44:03 EST" name="setup" finished-at="2021-03-12T17:44:11 EST" duration-ms="7560" status="PASS">
          <params>
            <param index="0">
              <value>
                <![CDATA[chrome]]>
              </value>
            </param>
          </params>
          <reporter-output>
          </reporter-output>
        </test-method> <!-- setup -->
        <test-method signature="loginTest()[pri:0, instance:com.cts.testCases.TC_LoginTest_001@78e117e3]" started-at="2021-03-12T17:44:11 EST" name="loginTest" finished-at="2021-03-12T17:44:30 EST" duration-ms="18781" status="PASS">
          <reporter-output>
          </reporter-output>
        </test-method> <!-- loginTest -->
        <test-method is-config="true" signature="tearDown()[pri:0, instance:com.cts.testCases.TC_LoginTest_001@78e117e3]" started-at="2021-03-12T17:44:30 EST" name="tearDown" finished-at="2021-03-12T17:44:31 EST" duration-ms="1361" status="PASS">
          <reporter-output>
          </reporter-output>
        </test-method> <!-- tearDown -->
      </class> <!-- com.cts.testCases.TC_LoginTest_001 -->
    </test> <!-- CTS Test -->
  </suite> <!-- webAutomationCTS_V1 -->
</testng-results>
